Loading of model: 91ms
backend_cpu.js:1465 webgl
backend_cpu.js:1465 First prediction: 593ms
backend_cpu.js:1465 Tensor
    [[[[-0.1599463, 0.2850407 , 0.2156253 ],
       [-0.227808 , 0.1762598 , 0.0697368 ],
       [-0.2634868, 0.091309  , 0.0293247 ],
       ...,
       [0.3007978 , 0.4655424 , 0.5853897 ],
       [0.47105   , 0.3951672 , 0.4745182 ],
       [0.3523867 , 0.2779406 , 0.4937783 ]],

      [[-0.2684625, 0.1917249 , 0.1758876 ],
       [-0.2210757, 0.1658452 , 0.1300552 ],
       [-0.1838344, 0.1914664 , -0.0059595],
       ...,
       [0.278565  , 0.4365088 , 0.4304701 ],
       [0.1827611 , 0.4531819 , 0.4522874 ],
       [0.2202852 , 0.4761662 , 0.4922859 ]],

      [[-0.1802113, 0.1111277 , 0.1788353 ],
       [-0.2621043, 0.0369322 , 0.1562828 ],
       [-0.3716376, -0.1149905, -0.1364496],
       ...,
       [0.3572338 , 0.2458283 , 0.4746021 ],
       [0.1162562 , 0.2850299 , 0.386649  ],
       [0.2023981 , 0.2958319 , 0.3734446 ]],

      ...
      [[-0.0054225, 0.0830945 , 0.1459304 ],
       [-0.204001 , -0.1682317, -0.343807 ],
       [-0.2686759, -0.2381173, -0.1053105],
       ...,
       [0.1465444 , 0.0822126 , 0.2183887 ],
       [0.0233418 , 0.1161109 , 0.2526488 ],
       [0.2031319 , 0.1154171 , 0.1444156 ]],

      [[-0.0181934, 0.2103323 , 0.0447802 ],
       [-0.0515631, 0.0132635 , 0.2562246 ],
       [-0.2834049, 0.183491  , -0.3160482],
       ...,
       [0.0522111 , -0.0805303, 0.197779  ],
       [-0.0365479, 0.1158497 , 0.2338715 ],
       [0.0111159 , 0.0869604 , 0.0943416 ]],

      [[0.015689  , -0.1339419, 0.2080383 ],
       [-0.099482 , -0.0453685, 0.0309704 ],
       [-0.2060403, 0.0020769 , 0.0760711 ],
       ...,
       [-0.0493199, 0.1957794 , 0.1993194 ],
       [-0.0256493, 0.0452422 , 0.3172513 ],
       [0.0922022 , 0.1143599 , 0.2885989 ]]]]
backend_cpu.js:1465 resize_images_1/size
backend_cpu.js:1465 Tensor
    [520, 896]
backend_cpu.js:1465 SR_TV/conv0/weights
backend_cpu.js:1465 Tensor
    [[[[-0.0369755, 0.0851111 , -0.0315973, 0.0537179 , 0.0004128 , -0.000797 , -0.1702368, -0.0592296, -0.0731633, -0.1012736, 0.0892854 , 0.1896016 ],
       [-0.0208338, -0.2464852, -0.0564679, -0.0285098, -0.0395973, -0.1180342, -0.4625195, 0.0685516 , -0.2047893, -0.1713441, 0.0157716 , -0.0645818],
       [0.021444  , -0.0586312, 0.040678  , 0.0613375 , -0.0147532, 0.0081019 , -0.0231496, 0.0930489 , -0.1133368, 0.0129524 , 0.0055196 , 0.0490742 ]],

      [[0.1769947 , 0.1206583 , -0.1143783, -0.2145399, 0.1344347 , -0.0381748, 0.1816495 , -0.1526439, -0.5574702, -0.1652106, -0.178015 , -0.1585343],
       [0.4661075 , 0.6049267 , -0.1423602, -0.3303   , 0.3158885 , -0.0360364, 0.5267614 , -0.5441036, -0.9862774, -0.3713766, -0.2181808, 0.0174658 ],
       [0.0455373 , 0.1081902 , -0.0899257, -0.103916 , 0.0088611 , -0.0224822, 0.0009016 , -0.1750628, -0.1190873, -0.089975 , 0.0159829 , -0.0835751]],

      [[0.0466617 , 0.0138212 , -0.0602226, 0.042412  , -0.00082  , -0.0152225, 0.0424274 , -0.09336  , -0.0778833, -0.0293308, 0.0541542 , 0.0138489 ],
       [-0.0526054, -0.1867636, -0.2562453, -0.2314061, -0.0396074, -0.06014  , -0.0140666, 0.012037  , -0.383282 , -0.0297026, 0.0629338 , 0.0906981 ],
       [-0.0585129, -0.0345822, 0.0246492 , 0.0452521 , 0.0305884 , -0.0139266, 0.0460848 , -0.0291847, -0.0440979, 0.014815  , -0.0779579, -0.0207417]]],


     [[[-0.1015208, 0.1938289 , -0.1468789, 0.2176285 , 0.0511608 , -0.1141958, -0.255116 , 0.0957296 , 0.0899178 , 0.2451336 , -0.2163866, -0.4143414],
       [-0.0678345, 0.7099781 , -0.2987337, 0.5658011 , -0.0098181, -0.1210709, -0.4803378, -0.045512 , 0.3412251 , 0.5199492 , -0.4494334, -1.0093346],
       [-0.0215496, 0.1328072 , -0.1089817, 0.0889629 , -0.0244471, -0.0259976, -0.1000494, -0.0705884, 0.0235548 , 0.0428525 , 0.1016317 , -0.0832152]],

      [[0.4515803 , 0.235866  , 0.0958101 , 0.157254  , -0.4677016, 0.6137655 , 0.2866147 , -0.4854649, 0.3537833 , 0.446606  , -0.1606733, -0.1246049],
       [0.7486222 , 0.506036  , 0.3476115 , 0.4163083 , -0.9745001, 1.1962456 , 0.6296763 , -1.1444281, 0.6440813 , 1.0255859 , -0.4479341, -0.4369135],
       [0.1281017 , 0.0427169 , 0.0224498 , 0.085143  , -0.088132 , 0.1949043 , 0.193833  , 0.0389899 , 0.1819112 , 0.1782379 , -0.4002688, 0.1561108 ]],

      [[0.0328388 , -0.6071255, 0.0536218 , -0.4226635, 0.000844  , -0.0590667, -0.1077062, -0.0474091, 0.1579696 , -0.1823224, -0.2193876, 0.2968441 ],
       [0.2910818 , -0.8599609, 0.2346394 , -0.7006354, -0.0595435, 0.0520225 , -0.2756981, -0.2008447, 0.5181947 , -0.2898288, -0.2571202, 0.1486618 ],
       [-0.0353748, -0.1673349, -0.0112204, -0.2745429, -0.0020166, -0.027599 , -0.1415018, -0.0707089, 0.0114936 , -0.1401891, 0.1041074 , -0.0768857]]],


     [[[0.0258936 , 0.125336  , -0.129401 , -0.0330423, -0.0435933, -0.0267403, -0.013278 , 0.0807066 , 0.0050978 , 0.0309622 , 0.2536382 , 0.0949891 ],
       [-0.0173481, 0.0132096 , -0.2728334, -0.23485  , -0.0045738, 0.0038244 , -0.0220903, 0.3387353 , -0.0657573, -0.0493618, 0.4097425 , -0.3114021],
       [-0.0046559, 0.040109  , 0.0169924 , -0.0371659, 0.0149541 , 0.0121358 , -0.0178579, 0.0577312 , 0.0376203 , 0.0145533 , -0.0700517, -0.1146735]],

      [[-0.0342831, -0.3252862, 0.2589377 , 0.1265441 , -0.0188252, -0.0796341, 0.0512917 , 0.304141  , 0.1036558 , 0.129668  , 0.4135395 , 0.0681852 ],
       [0.0002992 , -0.5203644, 0.5175841 , 0.3318301 , -0.2209589, -0.1359645, 0.0548988 , 0.3275174 , 0.2462128 , 0.3607578 , 0.8663674 , 0.2324125 ],
       [-0.0258379, -0.0634632, 0.0033834 , 0.0659463 , -0.0425116, -0.0649596, 0.0448604 , 0.1088133 , -0.0434096, 0.0316655 , 0.4503728 , 0.0435453 ]],

      [[-0.0675737, 0.1610839 , 0.1674413 , 0.0518667 , -0.0080801, -0.0376966, -0.0535959, 0.0136346 , -0.0124085, -0.0635259, 0.1273029 , -0.1434758],
       [-0.0016841, -0.0596014, 0.1053487 , 0.1175527 , -0.0317533, -0.038389 , -0.0271186, 0.2055402 , -0.1078568, -0.1778321, 0.1463798 , -0.0772575],
       [0.0378145 , -0.0558238, 0.1030432 , 0.0592746 , 0.0242145 , -0.0165404, 0.0199195 , 0.0164678 , 0.0338679 , 0.0275615 , -0.0868695, 0.0337394 ]]]]
backend_cpu.js:1465 SR_TV/conv0/biases
backend_cpu.js:1465 Tensor
    [0.9501452, -0.3317671, 0.438969, 0.2872932, 1.0601635, 1.5272003, 0.4553922, -0.099099, 0.1823829, 0.8234771, 0.058757, -0.9120069]
backend_cpu.js:1465 SR_TV/bottleblock0_0/expan_conv/weights
backend_cpu.js:1465 Tensor
    [[[[0.2324738 , 1.1808214 , 0.0727728 , ..., -0.7048745, -0.4244671, 0.0837712 ],
       [-0.1087663, -0.0016869, -0.0461709, ..., 0.5638689 , 0.1055282 , 0.1609775 ],
       [0.5612325 , -0.7467592, -0.1352472, ..., -0.6026957, -0.4165073, 0.3746366 ],
       [-0.0050984, 0.403012  , 0.3171806 , ..., -0.5543239, -0.2228699, -0.3741082],
       [-0.224669 , 0.1393301 , 0.3252625 , ..., -0.7485833, -0.3510742, -0.027793 ],
       [-0.4381154, -0.4089287, 0.3797797 , ..., 0.2655206 , 0.8839419 , -0.1412181],
       [-0.0173762, 0.2590036 , -0.1238648, ..., 0.4501395 , -0.3972287, 0.5629145 ],
       [-0.2639039, 0.1780765 , -0.2289658, ..., -0.1505713, 0.1255062 , -0.0298772],
       [-0.0868246, 0.6564552 , 0.6949507 , ..., 0.1612552 , 0.3531912 , -0.3566541],
       [0.3203558 , -1.0262853, -0.2027314, ..., 0.0731699 , -0.3349543, -0.0588954],
       [0.1050452 , 0.7260053 , 0.3060502 , ..., 0.1831703 , 0.0062195 , -0.1140334],
       [-0.2466681, -0.607429 , 0.1352544 , ..., 0.3141522 , -0.0832863, 0.0519669 ]]]]
backend_cpu.js:1465 SR_TV/bottleblock0_0/expan_conv/biases
backend_cpu.js:1465 Tensor
    [1.4053484, 0.1018151, -1.0492722, ..., 0.9000153, -0.0196301, 0.0961525]
backend_cpu.js:1465 SR_TV/bottleblock0_0/depthwise_conv/weights
backend_cpu.js:1465 Tensor
    [[[[0.0982594 ],
       [0.0963951 ],
       [0.019167  ],
       ...,
       [0.2793631 ],
       [0.1886739 ],
       [-0.014    ]],

      [[0.5034491 ],
       [0.2601551 ],
       [-0.0665156],
       ...,
       [-0.0739908],
       [-0.0086403],
       [-0.0692206]],

      [[0.122672  ],
       [0.2806853 ],
       [0.0498619 ],
       ...,
       [-0.0550043],
       [0.3001168 ],
       [-0.02315  ]]],


     [[[-0.2614112],
       [-0.0692995],
       [0.0018596 ],
       ...,
       [-0.0595529],
       [0.3094107 ],
       [0.1012198 ]],

      [[0.0382685 ],
       [-0.1638026],
       [-0.2055628],
       ...,
       [-0.0997609],
       [0.1460134 ],
       [0.0627293 ]],

      [[-0.1572099],
       [-0.0596165],
       [-0.0428641],
       ...,
       [-0.0447882],
       [0.3566573 ],
       [-0.4533251]]],


     [[[-6.7697053],
       [-0.0641811],
       [0.1082544 ],
       ...,
       [-0.0107534],
       [0.084251  ],
       [-0.0098972]],

      [[-4.5856047],
       [-0.0551385],
       [0.3608524 ],
       ...,
       [0.0074525 ],
       [0.0043611 ],
       [0.0581537 ]],

      [[-3.1188078],
       [-0.0666568],
       [0.0360391 ],
       ...,
       [-0.1442503],
       [0.1571406 ],
       [-0.1066468]]]]
backend_cpu.js:1465 SR_TV/bottleblock0_0/depthwise_conv/biases
backend_cpu.js:1465 Tensor
    [0.1233472, -0.2230634, 0.1917877, ..., 0.2974773, -0.0206562, 0.1460409]
backend_cpu.js:1465 SR_TV/bottleblock0_0/compress_conv/weights
backend_cpu.js:1465 Tensor
    [[[[-0.1898388, -0.2236367, -0.0224729, -0.0883962, -0.1637327, -0.0426024, -0.444543 , -0.4190391],
       [0.1353231 , 0.25435   , 0.1749043 , 0.0579449 , 0.0938939 , 0.0201806 , -0.1812889, -0.0446348],
       [-0.2760929, -0.3001687, 0.0046432 , -0.180994 , -0.1768086, 0.0518641 , -0.2395397, -0.3000907],
       ...,
       [-0.3004435, -0.2016987, -0.2076424, 0.0843809 , 0.1803427 , 0.1423802 , -0.0036133, 0.1199062 ],
       [-0.0663482, -0.0170093, -0.1987206, 0.0181733 , 0.0573083 , -0.2385322, -0.0000688, -0.0356163],
       [-0.2651754, -0.2937862, 0.0408907 , -0.0649011, -0.1073563, -0.0366045, -0.0563755, -0.1224977]]]]
backend_cpu.js:1465 SR_TV/bottleblock0_0/compress_conv/biases
backend_cpu.js:1465 Tensor
    [0.1522029, 0.0754231, 0.0727891, 0.186252, 0.2053431, 0.2819112, 0.0730582, 0.0313164]
backend_cpu.js:1465 SR_TV/bottleblock2_0/expan_conv/weights
backend_cpu.js:1465 Tensor
    [[[[-0.2723415, -0.0063476, 0.0341429 , ..., -0.6810594, 0.1651461 , 0.6242369 ],
       [-0.0263874, -0.1979521, 0.352686  , ..., 0.8041934 , 1.8035123 , 0.1889672 ],
       [0.6645673 , 0.1624491 , 0.0872018 , ..., 0.2064592 , 2.160409  , -1.8161181],
       [-0.0969479, -0.0388445, -0.1918125, ..., 0.7688888 , -0.259058 , -0.5540082],
       [-0.1231841, 0.0382368 , 0.3428774 , ..., 0.0169268 , 0.6695158 , -0.058858 ],
       [-0.2576171, -0.4405064, 0.2433401 , ..., -0.3238767, 1.1955367 , -0.7885028],
       [-0.1465531, -0.009027 , 0.3436157 , ..., -0.4296905, 1.3256338 , -1.2902728],
       [0.3731737 , 0.590377  , 0.1245869 , ..., 0.0277641 , 1.2943147 , 0.5879254 ],
       [0.1342112 , -0.0664514, -0.2530955, ..., -0.549866 , 0.2500467 , -0.2806566],
       [0.2222018 , -0.2729112, 0.3834103 , ..., -0.1173055, 0.6589357 , -2.2629995],
       [-0.403931 , 0.2163961 , -0.116614 , ..., 1.8009882 , 0.3106957 , -1.9875247],
       [-0.1461436, 0.0443025 , 0.2721478 , ..., 0.5314605 , 0.7194021 , 1.996937  ],
       [0.2740377 , 0.5585786 , 0.3082002 , ..., 1.1982812 , -0.0190175, -1.3099073],
       [-0.0085118, -0.133768 , -0.1481182, ..., -0.2102531, 1.0712032 , 0.7754203 ],
       [-0.4164685, 0.2080152 , 0.0957456 , ..., 0.4978647 , 0.026109  , -0.3384213],
       [-0.116761 , 0.4567449 , -0.1524386, ..., -0.5074946, -0.1051366, -0.5710655]]]]
backend_cpu.js:1465 SR_TV/bottleblock2_0/expan_conv/biases
backend_cpu.js:1465 Tensor
    [0.0931832, 0.1793989, 0.2851885, ..., 0.0810089, 0.3916804, 0.349856]
backend_cpu.js:1465 SR_TV/bottleblock2_0/depthwise_conv/weights
backend_cpu.js:1465 Tensor
    [[[[-0.0478488],
       [-0.4552222],
       [-0.3584525],
       ...,
       [-0.1886356],
       [0.2644563 ],
       [0.0181153 ]],

      [[-0.0459257],
       [-0.1801236],
       [-0.1207163],
       ...,
       [-1.9347855],
       [-0.1066215],
       [-0.2991696]],

      [[-0.0985853],
       [-0.159415 ],
       [-0.0440359],
       ...,
       [-1.8542596],
       [0.1491449 ],
       [-0.0505937]]],


     [[[-0.191206 ],
       [-0.2280791],
       [-0.1652538],
       ...,
       [-0.7891524],
       [-0.3035948],
       [0.3264268 ]],

      [[-0.0671762],
       [-0.1736636],
       [-0.0551793],
       ...,
       [-0.5940462],
       [-0.2970379],
       [-0.8002453]],

      [[-0.1293195],
       [-0.0632578],
       [-0.1299375],
       ...,
       [-0.3427904],
       [-0.4143844],
       [0.3452638 ]]],


     [[[-0.089692 ],
       [-0.0608356],
       [-0.2700247],
       ...,
       [0.0011907 ],
       [-4.5039759],
       [-0.0517462]],

      [[-0.0741043],
       [-0.1110566],
       [-0.0950791],
       ...,
       [0.0635744 ],
       [-5.3009634],
       [-0.5181937]],

      [[-0.1510683],
       [-0.054405 ],
       [-0.097257 ],
       ...,
       [-0.0348014],
       [-4.6592002],
       [-0.193541 ]]]]
backend_cpu.js:1465 SR_TV/bottleblock2_0/depthwise_conv/biases
backend_cpu.js:1465 Tensor
    [-0.0608089, -0.0023618, -0.1049501, ..., 0.7361505, 0.5802178, 0.2200554]
backend_cpu.js:1465 SR_TV/bottleblock2_0/compress_conv/weights
backend_cpu.js:1465 Tensor
    [[[[-0.1990824, -0.1232302, -0.056615 , -0.1636157, 0.1190344 , -0.1334014, -0.0858505, -0.3819691, -0.3521965, -0.103192 , -0.2970899, 0.1790568 , 0.0297531 , 0.2398215 , 0.0011486 , 0.2511386 ],
       [0.2346504 , 0.156534  , -0.1043701, 0.4353374 , 0.05746   , 0.0484326 , 0.3692313 , 0.3450351 , 0.1255879 , 0.0126063 , 0.3834112 , -0.039692 , 0.0830251 , 0.1129972 , 0.1555641 , 0.1345616 ],
       [0.1595319 , 0.3484259 , 0.090329  , -0.0724328, -0.1579905, 0.009089  , 0.1532881 , -0.1239796, 0.1360623 , -0.2617458, -0.1213049, 0.3465009 , -0.1184162, -0.3893884, 0.3779868 , -0.4276693],
       ...,
       [1.1779006 , 0.1712252 , -0.6680567, -0.0911106, 1.1786609 , 0.2130333 , -0.4947091, -0.0344082, 0.3570102 , 0.0757741 , -0.1831852, -0.0182053, 0.4228495 , 0.1041719 , -0.2123921, 0.0526833 ],
       [0.0136622 , -0.1363501, -0.0210799, 0.0004869 , -0.1292189, -0.0427036, -0.0681104, 0.0279499 , 0.6082689 , -0.4730103, -0.6198428, -0.7062858, 0.6598307 , -0.6216823, -0.5274735, -0.7719903],
       [-0.1301504, -0.1075421, -0.2970864, 0.1256251 , -0.1399613, -0.1605383, -0.2667926, -0.0196038, -0.7305375, -0.1382018, -0.2457108, 0.1812224 , -0.83812  , -0.0320584, -0.3216744, 0.0547157 ]]]]
backend_cpu.js:1465 SR_TV/bottleblock2_0/compress_conv/biases
backend_cpu.js:1465 Tensor
    [0.5077105, 0.4270138, 0.2748125, -0.2674131, -0.0874895, 0.3795235, 0.4518574, 0.0302841, 0.3846688, 0.4151684, 0.3157141, 0.6150985, 0.6806328, 0.4397444, -0.0517331, 0.5963084]
backend_cpu.js:1465 SR_TV/conv1/weights
backend_cpu.js:1465 Tensor
    [[[[0.0613581 , 0.1828857 , 0.0503008 , 0.1709923 , -0.0936266, 0.1735052 , 0.4605233 , -0.3431267, -0.2275105, 0.1290449 , 0.0680105 , 0.1010984 ],
       [0.183368  , 0.0929929 , 0.3393548 , 0.1639027 , -0.2471729, -0.1662763, -0.14608  , 0.3305502 , 0.1919596 , -0.1992185, 0.0427343 , -0.1763802],
       [0.0767063 , 0.1298161 , 0.1351072 , -0.06157  , 0.1206632 , -0.0146628, -0.2892034, 0.0632161 , 0.1070773 , -0.0068246, -0.0028286, 0.1417524 ]],

      [[-0.0258503, 0.0078841 , 0.1651543 , -0.1088989, -0.0828451, 0.0721953 , 0.2128365 , -0.0388151, -0.1374579, 0.1235069 , -0.0899939, 0.0876059 ],
       [0.1842331 , 0.1395031 , -0.157543 , 0.0268526 , 0.0540691 , 0.0398483 , 0.0478285 , 0.4066951 , 0.0448292 , -0.2437835, 0.0391464 , -0.2066275],
       [0.0461302 , 0.1231555 , -0.0183619, -0.1784247, 0.0511632 , -0.0291975, -0.0738954, 0.1291988 , 0.0835319 , 0.0836853 , -0.0078952, 0.2671238 ]],

      [[-0.0821804, 0.0894596 , 0.0835883 , -0.0282388, -0.2592971, 0.0693411 , -0.0896953, 0.001947  , 0.1054313 , 0.0059786 , -0.0594865, 0.2065055 ],
       [-0.1849367, -0.0732059, -0.0074668, 0.2036161 , 0.3182563 , -0.0904424, 0.0310189 , -0.0230129, -0.1417377, -0.0751762, -0.0287394, -0.1986961],
       [0.2714507 , -0.0942021, -0.0783127, -0.0804951, -0.0050457, 0.0343746 , -0.0110272, -0.1417615, -0.0176521, 0.0779186 , 0.0019045 , -0.0212861]]],


     [[[-0.0935474, -0.033844 , 0.1203866 , 0.0063838 , 0.0717992 , 0.0494734 , 0.1978342 , -0.1676061, -0.1265132, 0.0859564 , 0.0709089 , -0.0714067],
       [0.0591934 , -0.0770785, -0.0485002, 0.1422416 , -0.2706226, -0.0167689, -0.0536416, 0.0068476 , 0.1084774 , 0.4077948 , 0.2254596 , 0.2204319 ],
       [0.0340981 , 0.0488809 , -0.0857604, 0.0659154 , 0.3081143 , 0.0071676 , -0.149029 , 0.0489327 , 0.0581512 , 0.0202212 , 0.0665443 , 0.0587696 ]],

      [[0.1816549 , -0.2175077, 0.1927627 , -0.1990551, 0.2872355 , 0.0756573 , -0.1409939, 0.1404921 , 0.2179308 , -0.0972175, 0.1364186 , -0.2566387],
       [0.0636613 , -0.1071503, -0.2115445, -0.1408156, -0.3752824, 0.1770755 , 0.1930705 , -0.1191679, 0.0809569 , -0.193064 , 0.0231721 , 0.2156458 ],
       [-0.3931333, 0.0257246 , 0.0019023 , 0.0643857 , -0.0652794, 0.0328059 , 0.0360069 , -0.0057695, 0.0950112 , -0.0993034, 0.0289319 , 0.0645692 ]],

      [[-0.0169252, -0.0203886, -0.1016717, -0.0100734, -0.090029 , 0.0835656 , -0.2901522, 0.0475687 , 0.1366402 , 0.0320613 , 0.0093568 , 0.0491697 ],
       [-0.1246377, -0.0856278, 0.0480946 , 0.0777148 , 0.3281833 , 0.0229304 , -0.0797986, -0.2126121, -0.1771183, -0.0517591, -0.0347344, -0.0681242],
       [0.0755193 , -0.100495 , 0.0352861 , 0.0651479 , -0.1848999, -0.0407669, 0.2427515 , -0.105665 , 0.0362238 , 0.0699073 , -0.0172645, -0.0115652]]],


     [[[-0.1055021, 0.0202051 , 0.0873327 , 0.1276065 , -0.0665797, 0.0538226 , -0.0356056, 0.0744476 , -0.0232877, -0.151947 , -0.0379896, 0.0658953 ],
       [-0.0565308, 0.0368828 , -0.0452656, -0.1108301, 0.0150307 , -0.0496157, -0.0719361, -0.0143157, 0.0091461 , 0.1498123 , -0.079619 , 0.0154788 ],
       [0.2037668 , -0.0631844, -0.0400497, -0.060411 , 0.1089267 , 0.0049152 , 0.0651869 , -0.0985   , -0.0951747, -0.0511538, 0.0056896 , -0.0774555]],

      [[-0.0997499, -0.0304743, -0.1332961, 0.1519199 , 0.067114  , 0.0874733 , -0.152321 , 0.2067358 , 0.0781436 , -0.1052772, -0.0582869, -0.1033107],
       [0.0295318 , 0.067982  , 0.1022998 , -0.3230096, -0.0137288, 0.0158844 , -0.038749 , -0.206846 , -0.0703574, 0.0512281 , -0.1232592, 0.1810076 ],
       [0.0153849 , -0.1133283, 0.0219645 , 0.1339981 , -0.0288112, -0.0445648, 0.1807207 , 0.0322753 , -0.0526391, -0.1117861, -0.0137511, -0.1393394]],

      [[0.0793387 , -0.0003121, 0.0255622 , 0.040348  , 0.0297262 , 0.0078959 , -0.1682817, 0.0852077 , -0.0244111, -0.045918 , -0.0156506, -0.0514735],
       [-0.1145784, -0.0255821, -0.0215927, -0.0116332, 0.0437961 , 0.010657  , 0.1441121 , -0.1691786, -0.0262059, 0.1322395 , -0.0585507, 0.0825305 ],
       [0.0614234 , -0.0074504, 0.0015365 , 0.1006596 , 0.0033212 , 0.0073101 , 0.0148408 , 0.0556511 , -0.0591554, 0.0226876 , -0.0149081, -0.0088024]]]]
backend_cpu.js:1465 SR_TV/conv1/biases
backend_cpu.js:1465 Tensor
    [-0.3639606, 0.3318258, -0.4604461, -0.2322219, -0.6184801, -0.3665092, 0.2859778, 0.1124801, -0.1590728, -0.6255655, 0.1954396, -0.4122656]
backend_cpu.js:1465 SR_TV/bottleblock1_0/expan_conv/weights
backend_cpu.js:1465 Tensor
    [[[[-1.4994448, -0.87031  , 0.8079534 , ..., -0.4577642, -0.0360956, -0.3472564],
       [1.3279312 , 1.1228055 , -0.1393913, ..., 0.8644766 , -0.3139549, 0.1440491 ],
       [-1.2283429, -0.1899919, -2.1914294, ..., -1.2168847, 1.0528312 , 0.2365161 ],
       [-0.9448113, 0.1944982 , 0.0005084 , ..., -0.3345701, -0.4059058, 0.4125522 ],
       [-0.3732251, 0.1737306 , 0.4879602 , ..., 0.334916  , -0.0574606, 0.2681244 ],
       [-0.1090801, 0.5641379 , -1.0873697, ..., 0.28455   , 0.4968854 , -0.1235648],
       [-0.0277955, -0.0855305, -0.1392782, ..., -1.5245292, 0.0838866 , 0.3472354 ],
       [0.1864882 , -0.1658135, -0.0454438, ..., -0.7764605, 0.0733219 , 0.1355717 ],
       [-0.0621436, 0.2488928 , 0.1468581 , ..., 0.8589916 , 0.2401316 , -0.1875902],
       [1.0263401 , 0.1114142 , -0.0601502, ..., 0.962666  , 0.0046514 , -0.0442352],
       [0.0024243 , -0.1838358, -0.1752071, ..., -1.3143384, 0.460091  , 0.0485488 ],
       [3.5092144 , -0.1258087, -0.221192 , ..., -0.3097358, -0.8074865, -0.3453997]]]]
backend_cpu.js:1465 SR_TV/bottleblock1_0/expan_conv/biases
backend_cpu.js:1465 Tensor
    [0.0912306, 0.0973213, 0.3443927, ..., 0.2816688, 0.1427083, 0.2076255]
backend_cpu.js:1465 SR_TV/bottleblock1_0/depthwise_conv/weights
backend_cpu.js:1465 Tensor
    [[[[0.0793438  ],
       [0.0091984  ],
       [0.2963077  ],
       ...,
       [0.3959348  ],
       [-0.0795946 ],
       [-0.0832792 ]],

      [[-0.1423144 ],
       [-0.0164063 ],
       [-0.3507717 ],
       ...,
       [0.3096668  ],
       [-0.4194654 ],
       [0.0341294  ]],

      [[-9.2009306 ],
       [-0.039458  ],
       [-0.1879654 ],
       ...,
       [0.0829654  ],
       [-0.2577023 ],
       [0.0111763  ]]],


     [[[0.0378936  ],
       [-0.0342829 ],
       [-0.2880555 ],
       ...,
       [0.278777   ],
       [-0.057654  ],
       [-0.0917443 ]],

      [[-0.2964891 ],
       [0.981215   ],
       [0.2968492  ],
       ...,
       [0.2246769  ],
       [0.7975813  ],
       [-0.1215252 ]],

      [[-8.4366751 ],
       [0.0451978  ],
       [-0.1913412 ],
       ...,
       [0.1480321  ],
       [-0.1713271 ],
       [-0.2525929 ]]],


     [[[0.1399207  ],
       [-0.0371015 ],
       [-0.2789639 ],
       ...,
       [0.0706317  ],
       [-0.0527354 ],
       [-0.1677675 ]],

      [[-0.5731351 ],
       [0.0427724  ],
       [-0.2335477 ],
       ...,
       [0.176179   ],
       [-0.0252206 ],
       [-0.1945613 ]],

      [[-8.7009716 ],
       [-0.0315716 ],
       [0.1127873  ],
       ...,
       [0.141545   ],
       [0.1043684  ],
       [-0.1581437 ]]]]
backend_cpu.js:1465 SR_TV/bottleblock1_0/depthwise_conv/biases
backend_cpu.js:1465 Tensor
    [0.5916838, 0.022694, 0.2133375, ..., -0.0009164, 0.2909596, -0.0118716]
backend_cpu.js:1465 SR_TV/bottleblock1_0/compress_conv/weights
backend_cpu.js:1465 Tensor
    [[[[0.0397413 , 0.4364804 , 0.2801612 , -0.4183884, -0.4084626, -0.1942102, 0.1302487 , 0.9983171 , 0.7538648 , -0.3950447, 0.7175407 , 0.0939564 ],
       [0.2011951 , -0.8686998, 0.2338109 , 0.0744082 , 0.1286112 , -0.130633 , 0.1072462 , 0.1818684 , -0.0025614, 0.1388494 , -0.1740038, 0.0221147 ],
       [-0.1400605, 0.4246255 , -0.3364794, -0.0705454, 0.0489702 , -0.1792873, -0.19891  , 0.2721261 , -0.3469163, 0.04501   , -0.0687254, 0.2530057 ],
       ...,
       [-0.2541403, -0.0177953, 0.0627547 , -0.142893 , -0.1274877, -0.0856817, 0.4639807 , -0.1659355, -0.4560398, -0.0186153, 0.120318  , -0.1463148],
       [0.150956  , -0.1187921, 0.6041727 , 0.3467772 , 0.0632184 , -0.0293315, -0.3042346, 0.3175151 , -0.3563984, 0.1717816 , -0.2987696, 0.4248543 ],
       [-0.0715731, 0.3247361 , 0.2337688 , -0.2639398, -0.2988811, 0.0346427 , 0.0124368 , 0.0278502 , -0.0801467, 0.1033636 , -0.3921224, -0.0999777]]]]
backend_cpu.js:1465 SR_TV/bottleblock1_0/compress_conv/biases
backend_cpu.js:1465 Tensor
    [0.3441759, 0.0193888, 0.4789379, 0.0716914, 0.4504994, 0.2320752, 0.1406907, -0.2859211, 0.4324112, 0.4065406, -0.024926, 0.231535]
backend_cpu.js:1465 SR_TV/conv2/weights
backend_cpu.js:1465 Tensor
    [[[[-0.2966008, 0.414214  , 0.1874251 , 0.0494023 , -0.0027177, 0.1260155 , -0.0289703, -0.0130519, 0.2232629 , 0.1375519 , 0.0192701 , -0.0154784, 0.2542437 , 0.1180416 , 0.0825878 , -0.2386557],
       [0.5560974 , -0.0454546, -0.4287645, 0.1436961 , -0.0409227, -0.2496472, -0.064465 , -0.0458354, -0.0647056, -0.3013581, -0.0479582, -0.0306815, -0.3397417, -0.0578474, -0.0008011, -0.0041506],
       [-0.2189567, 0.126777  , -0.1213209, -0.4280321, 0.0466714 , -0.1344514, 0.0255528 , -0.037141 , -0.2981269, -0.0093058, 0.0190886 , -0.1183208, 0.0020042 , -0.0121764, -0.1179888, -0.043245 ],
       [-0.0982185, 0.2099734 , 0.3950017 , 0.1164877 , -0.4144885, -0.125104 , -0.1383926, -0.0595905, 0.0473548 , 0.0392443 , 0.2041069 , 0.1492273 , -0.1601753, 0.1695853 , 0.1019736 , 0.1987208 ],
       [-0.283444 , 0.1838812 , 0.2972426 , 0.0603508 , -0.0262647, 0.0408824 , -0.2355507, 0.0683043 , 0.0272377 , 0.1361371 , -0.1113356, -0.0599679, 0.1468972 , -0.0286894, -0.0185026, 0.0546687 ],
       [0.2263136 , 0.5577974 , 0.3818115 , 0.3636673 , 0.2689119 , 0.2365099 , -0.0842673, 0.0559998 , 0.3981736 , 0.1086578 , 0.1414271 , 0.167701  , 0.2866168 , 0.1382579 , 0.1265518 , 0.1514946 ],
       [-0.073072 , -0.3926952, -0.1171436, 0.2270394 , 0.0168386 , 0.1448404 , 0.0346764 , -0.020514 , 0.0379929 , 0.0532689 , -0.0253472, 0.0653105 , -0.0742708, -0.104086 , -0.0317989, 0.040241  ],
       [-0.3557817, -0.1524183, 0.7274238 , -0.375962 , 0.0351372 , 0.2283872 , -0.2537389, -0.041476 , -0.1421039, -0.0455356, -0.0350046, -0.0005768, 0.0302906 , -0.0037678, 0.0529439 , 0.1332578 ],
       [0.1877278 , -0.1644748, 0.3371528 , 0.2692849 , 0.2174727 , 0.0150218 , 0.2005329 , 0.0723888 , 0.2074544 , 0.1579195 , -0.046849 , -0.0448269, 0.170101  , -0.0261263, 0.0276946 , -0.127485 ],
       [-0.1320866, -0.4391954, 0.3668862 , -0.099834 , 0.1347318 , -0.0205388, -0.0808237, -0.1279614, 0.351636  , 0.1293863 , -0.3399275, -0.1887346, 0.1309598 , -0.1401527, 0.2374127 , -0.0740629],
       [-0.0580723, -0.3033338, -0.1012958, 0.0075904 , -0.1656851, -0.1471945, 0.1079578 , 0.07118   , 0.0098828 , 0.0097877 , -0.1249306, -0.0230093, 0.1748149 , 0.0057704 , -0.0659045, 0.0249116 ],
       [0.1067178 , 0.4391002 , -0.1351002, 0.3254281 , -0.1151234, 0.2579409 , 0.1354288 , 0.169983  , -0.0353448, 0.1342394 , 0.2480957 , 0.3215623 , -0.1508099, 0.0315437 , 0.0376707 , 0.1195087 ]],

      [[0.1515613 , -0.0134999, 0.031784  , 0.1306471 , 0.1587015 , 0.4879297 , 0.1036274 , -0.0506016, 0.3082805 , -0.0452627, -0.006263 , -0.0632682, 0.0070165 , -0.0110414, 0.0415607 , -0.0274695],
       [-0.0096378, 0.0279706 , 0.1828595 , -0.2153555, 0.1266267 , -0.0627465, -0.3931412, 0.0475178 , -0.4137228, -0.0470433, -0.1190659, -0.0615182, -0.2242519, -0.1202587, -0.0960246, -0.0109748],
       [-0.4212512, 0.1796645 , 0.1158214 , -0.3367432, -0.1457762, -0.0123829, 0.1235097 , -0.2539904, -0.045099 , 0.0098851 , -0.025011 , 0.0016714 , -0.2137761, 0.0206319 , -0.0755557, 0.0004644 ],
       [0.0892568 , -0.1678575, 0.1241444 , -0.0376888, -0.1095998, -0.0753469, 0.3974273 , 0.2077793 , -0.0412993, -0.0240851, -0.0078253, -0.0214526, 0.0907869 , -0.0620754, 0.1293566 , -0.0500309],
       [-0.0790088, -0.1003906, -0.2872743, 0.0131859 , -0.4046879, 0.2526374 , 0.1349877 , -0.042597 , 0.046656  , -0.0522443, -0.002507 , -0.0742169, -0.1019687, 0.0368473 , -0.0840806, 0.0726648 ],
       [0.073273  , -0.2851876, -0.0730889, 0.2190643 , -0.0515977, 0.4911754 , 0.1597838 , 0.4890925 , 0.0631662 , -0.1101433, 0.0448169 , 0.0575888 , 0.0318615 , 0.0299069 , -0.0307872, 0.012358  ],
       [-0.1672316, -0.079487 , -0.0547222, 0.0266864 , -0.2852716, -0.3765275, -0.2319834, 0.2142064 , 0.0586291 , 0.0592365 , 0.0801496 , -0.0131684, -0.0368429, 0.0163165 , -0.0136905, -0.0039033],
       [-0.1563554, -0.195015 , -0.2356679, 0.1033895 , 0.069026  , 0.04515   , 0.774686  , -0.2169088, 0.0842374 , 0.1460128 , 0.0745148 , 0.0681723 , 0.4360389 , -0.1866213, 0.1451113 , 0.054719  ],
       [0.2407815 , 0.0995638 , 0.0338382 , -0.0215086, -0.0973767, -0.1108337, 0.2163444 , 0.2008714 , 0.1749098 , -0.0618474, -0.0677578, -0.05494  , -0.2244472, 0.14981   , -0.1365087, -0.0355912],
       [-0.1170952, 0.1870626 , -0.0361882, -0.3102695, -0.4247713, -0.4652247, -0.0817131, -0.313116 , -0.2409131, 0.165625  , -0.0267331, -0.0420093, 0.2461608 , 0.0130797 , -0.0957437, 0.09692   ],
       [0.2469805 , -0.0577178, 0.1512869 , 0.1782552 , -0.1288339, -0.2798682, -0.0427791, -0.1752018, -0.1293523, -0.0537607, -0.0842081, 0.0539143 , -0.1437028, 0.058095  , 0.0143892 , 0.0385287 ],
       [-0.2127828, -0.1913394, -0.077594 , 0.0119256 , 0.0283084 , 0.1762582 , -0.3922447, 0.3309087 , -0.1025517, -0.266417 , 0.1454286 , -0.0488279, -0.2420243, 0.0645771 , 0.0459328 , 0.0440174 ]],

      [[0.0239785 , 0.0387212 , 0.0777974 , 0.0180798 , -0.0692991, -0.1466451, -0.0755398, 0.1767871 , -0.0623358, 0.0278549 , 0.0297898 , -0.0264669, 0.1842428 , -
backend_cpu.js:1465 SR_TV/conv2/biases
backend_cpu.js:1465 Tensor
    [-0.3162571, -0.3652074, -0.5236034, 0.3369984, 0.0399316, -0.4312598, -0.7152242, -0.1856281, -0.2812177, -0.4587904, -0.5412313, -0.6288589, -0.724904, -0.5350528, -0.1506793, -0.720066]
backend_cpu.js:1465 SR_TV/pixel_s_2/Reshape/shape
backend_cpu.js:1465 Tensor
    [-1, 112, 2, 8]
backend_cpu.js:1465 SR_TV/pixel_s_2/out/shape
backend_cpu.js:1465 Tensor
    [-1, 130, 224, 4]
backend_cpu.js:1465 SR_TV/bottleblocks2_1/expan_conv/weights
backend_cpu.js:1465 Tensor
    [[[[0.2413193 , 0.5895805 , -0.3755389, ..., -0.3507637, 0.0223439 , -0.1165554],
       [-0.0573891, -0.2590753, 0.3673658 , ..., 0.0188972 , 0.1570573 , 0.636101  ],
       [-0.2034091, -0.3325728, 0.5469873 , ..., -0.1767487, 0.3828554 , 0.0544757 ],
       [-0.0837214, 0.175926  , -0.5133824, ..., 0.7493643 , -0.022796 , 0.0766587 ],
       [-0.1463535, 0.4428188 , 0.9217029 , ..., 0.1510723 , 0.3531466 , -0.014743 ],
       [-0.2803149, 0.0671018 , 0.2772171 , ..., 0.3435926 , 0.0137054 , -0.3950594],
       [-0.0091063, 0.2318797 , -0.1711878, ..., 0.3477897 , 0.4479114 , 0.0012709 ],
       [0.0466236 , -0.2787894, -0.0354704, ..., -1.0884624, -0.9503949, -0.2666013],
       [0.0487509 , 0.1876081 , -0.2513486, ..., 0.1175581 , 0.0701362 , 0.0415991 ],
       [-0.1032894, -0.4233292, -0.033171 , ..., -0.1303299, -0.3010501, -0.0449635],
       [-0.2748155, -0.3250059, 0.2396297 , ..., -0.9607176, -0.0678659, 0.1054668 ],
       [-0.0586816, 0.8725451 , -0.1919691, ..., 0.4682593 , -0.2299079, -0.2771557],
       [0.1795867 , 0.1204226 , -0.0113611, ..., -0.055559 , -0.2182785, -0.2342356],
       [0.0363034 , 0.0670443 , 0.2555555 , ..., 0.3495851 , 0.2709343 , -0.1721151],
       [-0.2731765, 0.1414633 , -0.0065955, ..., 0.2684539 , 0.2889965 , 0.1958807 ],
       [0.3200623 , -0.2107626, -0.4365319, ..., -0.5123048, -0.004241 , -0.2324256]]]]
backend_cpu.js:1465 SR_TV/bottleblocks2_1/expan_conv/biases
backend_cpu.js:1465 Tensor
    [0.008877, 0.3191804, 0.4696722, ..., 0.3822853, 0.5820913, 0.4204992]
backend_cpu.js:1465 SR_TV/bottleblocks2_1/depthwise_conv/weights
backend_cpu.js:1465 Tensor
    [[[[-0.157586 ],
       [0.01849   ],
       [-0.1481337],
       ...,
       [0.0567466 ],
       [-0.0125647],
       [0.0823678 ]],

      [[-0.120151 ],
       [0.109236  ],
       [-0.2320484],
       ...,
       [-0.1742377],
       [0.0884532 ],
       [-0.184444 ]],

      [[-0.1519881],
       [0.0102331 ],
       [-0.0772513],
       ...,
       [-0.0421003],
       [-0.0010896],
       [0.0277049 ]]],


     [[[-0.153667 ],
       [0.3528999 ],
       [-0.1731706],
       ...,
       [0.1342489 ],
       [0.1050049 ],
       [-0.548031 ]],

      [[0.0249927 ],
       [-0.5976281],
       [0.4190567 ],
       ...,
       [-0.5945287],
       [0.6995413 ],
       [0.25228   ]],

      [[-0.2066276],
       [0.0250368 ],
       [0.1159905 ],
       ...,
       [0.1142182 ],
       [0.0297915 ],
       [-0.0219592]]],


     [[[-0.0110247],
       [-0.0608453],
       [0.0026229 ],
       ...,
       [-0.0198346],
       [0.0355938 ],
       [-0.0797326]],

      [[-0.0279324],
       [0.0419931 ],
       [0.055815  ],
       ...,
       [-0.1719397],
       [0.0060619 ],
       [0.0438352 ]],

      [[-0.0937677],
       [-0.0196106],
       [0.0284204 ],
       ...,
       [-0.0198265],
       [0.0080781 ],
       [0.0372826 ]]]]
backend_cpu.js:1465 SR_TV/bottleblocks2_1/depthwise_conv/biases
backend_cpu.js:1465 Tensor
    [-0.0267929, 0.3673505, 0.3527134, ..., 0.3479531, -0.0591711, 0.2986379]
backend_cpu.js:1465 SR_TV/bottleblocks2_1/compress_conv/weights
backend_cpu.js:1465 Tensor
    [[[[0.2057968 , -0.1518044, 0.2803838 , -0.1233739, -0.4094346, 0.2616945 , 0.29911   , -0.3033834, 0.1641104 , -0.117481 , -0.1872439, -0.0722552, 0.2474006 , 0.2192046 , -0.2450314, 0.2979345 ],
       [0.0237404 , -0.4573186, -0.3089949, 0.1706044 , 0.4136255 , 0.1981696 , 0.1645375 , -0.1383588, 0.512275  , -0.2767814, -0.1476912, 0.1884263 , 0.5074984 , 0.3805154 , 0.2201563 , -0.1847716],
       [-0.5425458, -0.508235 , 0.1347132 , 0.1606838 , -0.6023255, -0.3376209, 0.1506988 , 0.3410232 , 0.2224925 , -0.2696205, 0.3111211 , 0.0978386 , 0.1344403 , -0.290002 , 0.1205034 , 0.0184343 ],
       ...,
       [-0.7240546, 0.0209734 , -0.0697482, 0.3107961 , 0.4035673 , -0.0510609, -0.0331811, -0.198454 , -0.7083865, -0.0957789, -0.1735048, 0.1849037 , 0.589387  , 0.0458344 , 0.1021468 , -0.0988372],
       [0.0116329 , 0.3571782 , -0.1530073, -0.0234856, 0.4532295 , -0.121599 , -0.2145306, 0.2630611 , -0.2052903, 0.440561  , -0.0431231, 0.3705826 , 0.8422021 , -0.2155319, -0.422774 , -0.086099 ],
       [-0.8059848, -0.28061  , -0.4883484, -0.3150574, 0.5539903 , 0.0826927 , 0.1451672 , 0.1172348 , -0.1711135, -0.1063274, -0.2556514, -0.3189583, 0.2733889 , -0.082876 , 0.0067255 , 0.0321352 ]]]]
backend_cpu.js:1465 SR_TV/bottleblocks2_1/compress_conv/biases
backend_cpu.js:1465 Tensor
    [-0.4478426, 0.2129775, 0.0261327, -0.1602914, -0.0530558, -0.0709642, -0.0618143, -0.0998878, -0.0566332, 0.0991483, 0.2974555, -0.2478077, -0.0213067, 0.2867341, -0.2696571, 0.2768651]
backend_cpu.js:1465 SR_TV/pixel_s_1/Reshape/shape
backend_cpu.js:1465 Tensor
    [-1, 224, 2, 8]
backend_cpu.js:1465 SR_TV/pixel_s_1/out/shape
backend_cpu.js:1465 Tensor
    [-1, 260, 448, 4]
backend_cpu.js:1465 SR_TV/concat/axis
backend_cpu.js:1465 Tensor
    3
backend_cpu.js:1465 SR_TV/convpixel_out/expan_conv/weights
backend_cpu.js:1465 Tensor
    [[[[0.9964822 , -0.2332996, -0.3780708, ..., 1.5002377 , 0.4996997 , 0.022811  ],
       [-1.3223324, 0.5525977 , -0.3305193, ..., -0.5136186, -0.544766 , -0.9906906],
       [-0.0190518, -0.2478794, 0.1102991 , ..., -1.0351573, -0.0364569, -0.2951788],
       [-0.2635826, -0.3615218, 0.6429122 , ..., 0.8307325 , -0.8508063, 0.3379307 ],
       [0.2136264 , 0.0240319 , -0.7514992, ..., -0.7321621, 0.1516463 , 0.111046  ],
       [-0.6212907, -0.0029125, 0.0812393 , ..., 0.0891881 , 1.3824437 , 0.3778441 ],
       [-1.0332631, -0.400311 , -0.0230357, ..., 0.6896148 , -0.3396132, -0.2864462],
       [0.8422189 , 0.2631686 , -0.0220291, ..., -0.2465698, 0.9491767 , 0.2734224 ],
       [0.0279135 , -0.0097404, 0.0094154 , ..., -0.0976327, 0.0133493 , -0.0044222],
       [0.0974265 , 0.8923816 , -0.1929767, ..., -0.0162507, 0.0310248 , -0.0618746],
       [0.037579  , -0.7587614, -0.1922056, ..., 0.0691475 , 0.2172488 , -0.008956 ],
       [0.0138309 , 0.2166633 , -0.2162504, ..., -0.0471453, 0.0905422 , -0.0959546]]]]
backend_cpu.js:1465 SR_TV/convpixel_out/expan_conv/biases
backend_cpu.js:1465 Tensor
    [-0.0808002, 0.3031717, 0.232746, ..., -0.2614228, 0.0274987, 0.3999382]
backend_cpu.js:1465 SR_TV/convpixel_out/depthwise_conv/weights
backend_cpu.js:1465 Tensor
    [[[[-0.2478698],
       [-0.0114511],
       [-0.0166965],
       ...,
       [0.1374007 ],
       [0.0361311 ],
       [0.0304934 ]],

      [[0.2830971 ],
       [-0.0951156],
       [-0.482522 ],
       ...,
       [-0.246612 ],
       [-0.2584727],
       [-0.0670712]],

      [[0.0851929 ],
       [0.0316713 ],
       [-0.0047178],
       ...,
       [0.0288813 ],
       [0.0435659 ],
       [-0.0617614]]],


     [[[0.4073068 ],
       [-0.1179688],
       [0.0202138 ],
       ...,
       [-0.2645133],
       [-0.0995817],
       [0.2922112 ]],

      [[-0.9760772],
       [-0.573463 ],
       [-0.0262368],
       ...,
       [0.688365  ],
       [0.4703955 ],
       [0.3941972 ]],

      [[0.1763    ],
       [-0.0080884],
       [0.0220098 ],
       ...,
       [-0.1919139],
       [-0.1268431],
       [0.4754075 ]]],


     [[[-0.0255276],
       [0.0258826 ],
       [0.0182623 ],
       ...,
       [0.0143681 ],
       [0.0007825 ],
       [0.1440842 ]],

      [[0.3742958 ],
       [-0.0196818],
       [0.0579799 ],
       ...,
       [-0.1050065],
       [-0.075483 ],
       [-0.1649361]],

      [[-0.0620043],
       [0.0465481 ],
       [0.001968  ],
       ...,
       [0.0095694 ],
       [-0.0315207],
       [-0.0380543]]]]
backend_cpu.js:1465 SR_TV/convpixel_out/depthwise_conv/biases
backend_cpu.js:1465 Tensor
    [0.3471799, 0.4968807, 0.3598737, ..., 0.2518419, 0.1867293, 0.0481755]
backend_cpu.js:1465 SR_TV/convpixel_out/compress_conv/weights
backend_cpu.js:1465 Tensor
    [[[[0.1901375 , 0.1144104 , 0.1323194 , 0.4618467 , 0.5218953 , 0.4650729 , 0.5420084 , 0.5961536 , 0.4707172 , -0.3048744, -0.3140185, -0.2120658],
       [-0.8368673, 0.2449247 , -0.2558605, -0.6356539, 0.3435456 , -0.053728 , -0.7156428, 0.2747152 , 0.1157578 , 0.4485545 , -0.2113574, 0.0387561 ],
       [0.3387603 , 0.3441977 , 0.3014758 , 0.4016024 , 0.3507309 , 0.4210708 , -0.3445053, -0.273764 , -0.2445553, -0.3204154, -0.286459 , -0.1987149],
       ...,
       [0.1321628 , 0.199245  , 0.2533951 , 0.4753003 , 0.4892388 , 0.4398153 , 0.4434388 , 0.4948665 , 0.4579728 , -0.1338934, -0.1609183, -0.1025091],
       [-0.177673 , -0.2173472, -0.3084795, -0.1541344, -0.3705428, -0.3393237, -0.2624767, -0.2759952, -0.2427846, -0.267933 , -0.3465909, -0.2102257],
       [0.348173  , 0.3206168 , 0.2346723 , -0.3415694, -0.3150199, -0.318152 , 0.3876885 , 0.346222  , 0.3095467 , -0.1261401, -0.0911234, -0.2097514]]]]
backend_cpu.js:1465 SR_TV/convpixel_out/compress_conv/biases
backend_cpu.js:1465 Tensor
    [0.2289252, 0.1209073, 0.1446213, -0.122134, -0.2029941, -0.2892757, 0.1660159, -0.0352698, -0.1280048, 0.0497667, 0.0533835, -0.1481909]
backend_cpu.js:1465 SR_TV/subpixel_out/Reshape/shape
backend_cpu.js:1465 Tensor
    [-1, 448, 2, 6]
backend_cpu.js:1465 SR_TV/pixel_s_2/transpose/perm
backend_cpu.js:1465 Tensor
    [0, 2, 1, 3]
backend_cpu.js:1465 SR_TV/subpixel_out/out/shape
backend_cpu.js:1465 Tensor
    [-1, 520, 896, 3]
backend_cpu.js:1465 render time: 29ms